<?xml version="1.0" encoding="UTF-8"?>
<!-- Generated by org.testng.reporters.JUnitReportReporter -->
<testsuite skipped="0" hostname="MyDreams" name="TestScripts.FaceBookTestLogin" tests="1" failures="0" timestamp="05 Apr 2019 05:19:57 GMT" time="52.711" errors="0">
  <testcase name="facebooklogin" time="52.711" classname="TestScripts.FaceBookTestLogin"/>
</testsuite> <!-- TestScripts.FaceBookTestLogin -->
