<?xml version="1.0" encoding="UTF-8"?>
<!-- Generated by org.testng.reporters.JUnitReportReporter -->
<testsuite skipped="0" hostname="MyDreams" name="TestScripts.InvalidLogin" tests="1" failures="0" timestamp="05 Apr 2019 05:19:57 GMT" time="34.567" errors="0">
  <testcase name="facebookinvalidlogin" time="34.567" classname="TestScripts.InvalidLogin"/>
</testsuite> <!-- TestScripts.InvalidLogin -->
