<?xml version="1.0" encoding="UTF-8"?>
<!-- Generated by org.testng.reporters.JUnitReportReporter -->
<testsuite skipped="0" hostname="MyDreams" name="TestScripts.InvalidLogin" tests="1" failures="0" timestamp="09 Apr 2019 16:44:16 GMT" time="101.796" errors="0">
  <testcase name="facebookinvalidlogin" time="101.796" classname="TestScripts.InvalidLogin"/>
</testsuite> <!-- TestScripts.InvalidLogin -->
