<?xml version="1.0" encoding="UTF-8"?>
<!-- Generated by org.testng.reporters.JUnitReportReporter -->
<testsuite skipped="0" hostname="MyDreams" name="TestScripts.InvalidLogin" tests="1" failures="0" timestamp="05 Apr 2019 08:02:22 GMT" time="21.742" errors="0">
  <testcase name="facebookinvalidlogin" time="21.742" classname="TestScripts.InvalidLogin"/>
</testsuite> <!-- TestScripts.InvalidLogin -->
