<?xml version="1.0" encoding="UTF-8"?>
<!-- Generated by org.testng.reporters.JUnitReportReporter -->
<testsuite skipped="0" hostname="MyDreams" name="TestScripts.FaceBookTestLogin" tests="1" failures="0" timestamp="05 Apr 2019 08:02:22 GMT" time="47.271" errors="0">
  <testcase name="facebooklogin" time="47.271" classname="TestScripts.FaceBookTestLogin"/>
</testsuite> <!-- TestScripts.FaceBookTestLogin -->
